#
# A fatal error has been detected by the Java Runtime Environment:
#
#  SIGSEGV (0xb) at pc=0x00007efec370979e, pid=30263, tid=139631713175296
#
# JRE version: OpenJDK Runtime Environment (8.0_45-b14) (build 1.8.0_45-internal-b14)
# Java VM: OpenJDK 64-Bit Server VM (25.45-b02 mixed mode linux-amd64 compressed oops)
# Problematic frame:
# V  [libjvm.so+0x87179e]  Method::checked_resolve_jmethod_id(_jmethodID*)+0xe
#
# Failed to write core dump. Core dumps have been disabled. To enable core dumping, try "ulimit -c unlimited" before starting Java again
#
# If you would like to submit a bug report, please visit:
#   http://bugreport.java.com/bugreport/crash.jsp
#

---------------  T H R E A D  ---------------

Current thread (0x00007efebc354800):  JavaThread "JDWP Transport Listener: dt_socket" daemon [_thread_in_vm, id=30284, stack(0x00007efe8a99c000,0x00007efe8aa9d000)]

siginfo: si_signo: 11 (SIGSEGV), si_code: 128 (SI_KERNEL), si_addr: 0x0000000000000000

Registers:
RAX=0x0000000000000063, RBX=0x00007efebc0054f0, RCX=0x00007efec4039340, RDX=0x0000000000000001
RSP=0x00007efe8aa9ba90, RBP=0x00007efe8aa9baa0, RSI=0x00007efebc354800, RDI=0x3b6e6f6974706563
R8 =0x00007efe5800c0c0, R9 =0x0000000000000000, R10=0x000000000000003c, R11=0x00007efec45e4280
R12=0x00007efe8aa9bb8f, R13=0x3b6e6f6974706563, R14=0x00007efebc354800, R15=0x00007efe8aa9bac0
RIP=0x00007efec370979e, EFLAGS=0x0000000000010206, CSGSFS=0x0000000000000033, ERR=0x0000000000000000
  TRAPNO=0x000000000000000d

Top of Stack: (sp=0x00007efe8aa9ba90)
0x00007efe8aa9ba90:   00007efe8aa9bb8f 00007efebc0054f0
0x00007efe8aa9baa0:   00007efe8aa9bb20 00007efec357d79d
0x00007efe8aa9bab0:   00007efe8aa9bae0 00007efebc0054f0
0x00007efe8aa9bac0:   00007efebc354800 0000000000000000
0x00007efe8aa9bad0:   00007efe00000000 0000000000000000
0x00007efe8aa9bae0:   00007efe8aa9bb00 a145098c9f57d900
0x00007efe8aa9baf0:   00007efebc354800 00007efe8aa9bb8f
0x00007efe8aa9bb00:   00007efec1e14040 3b6e6f6974706563
0x00007efe8aa9bb10:   00007efe8aa9bb8f 00007efe8aa9bb94
0x00007efe8aa9bb20:   00007efe8aa9bb50 00007efec1bff769
0x00007efe8aa9bb30:   00007efe8aa9bb50 0000000000000004
0x00007efe8aa9bb40:   00007efe8aa9bc60 3b6e6f6974706563
0x00007efe8aa9bb50:   00007efe8aa9bbf0 00007efec1bdf8f0
0x00007efe8aa9bb60:   00007efe58006820 00007efe8aa9bba8
0x00007efe8aa9bb70:   00007efe8aa9bbb0 0000000158006a80
0x00007efe8aa9bb80:   00007efe8aa9bbb0 00007efec1be4b19
0x00007efe8aa9bb90:   0000000a00000006 00007efe580291d0
0x00007efe8aa9bba0:   0000000000000000 0000000000000000
0x00007efe8aa9bbb0:   0000000000000000 a145098c9f57d900
0x00007efe8aa9bbc0:   000000000000000f 0000000000000002
0x00007efe8aa9bbd0:   00007efe8aa9bc30 000000000000000f
0x00007efe8aa9bbe0:   00007efe8aa9bc60 00007efec1e14040
0x00007efe8aa9bbf0:   00007efe8aa9be20 00007efec1be9b28
0x00007efe8aa9bc00:   00007efec3e2b3f0 00007efe000f0200
0x00007efe8aa9bc10:   0000065200000013 00007efe580f0200
0x00007efe8aa9bc20:   00007efe50001070 00007efebc3552c0
0x00007efe8aa9bc30:   00007efe50001078 000000000000000b
0x00007efe8aa9bc40:   0000065200000013 00007efe580f0200
0x00007efe8aa9bc50:   00007efe50001070 00007efe580240e0
0x00007efe8aa9bc60:   00007efe5800c176 00007efe000001f2
0x00007efe8aa9bc70:   00007efe580072a0 a145098c0000012c
0x00007efe8aa9bc80:   00007efe8aa9bcb0 00007efe580072a0 

Instructions: (pc=0x00007efec370979e)
0x00007efec370977e:   c3 90 31 c0 5d c3 66 90 66 2e 0f 1f 84 00 00 00
0x00007efec370978e:   00 00 55 48 89 e5 53 48 83 ec 08 48 85 ff 74 0e
0x00007efec370979e:   48 8b 1f 48 83 fb 37 74 05 48 85 db 75 14 31 db
0x00007efec37097ae:   48 83 c4 08 48 89 d8 5b 5d c3 0f 1f 84 00 00 00 

Register to memory mapping:

RAX=0x0000000000000063 is an unknown value
RBX=0x00007efebc0054f0 is an unknown value
RCX=0x00007efec4039340: <offset 0x219340> in /lib/x86_64-linux-gnu/libpthread.so.0 at 0x00007efec3e20000
RDX=0x0000000000000001 is an unknown value
RSP=0x00007efe8aa9ba90 is pointing into the stack for thread: 0x00007efebc354800
RBP=0x00007efe8aa9baa0 is pointing into the stack for thread: 0x00007efebc354800
RSI=0x00007efebc354800 is a thread
RDI=0x3b6e6f6974706563 is an unknown value
R8 =0x00007efe5800c0c0 is an unknown value
R9 =0x0000000000000000 is an unknown value
R10=0x000000000000003c is an unknown value
R11=0x00007efec45e4280: <offset 0x187280> in /lib/x86_64-linux-gnu/libc.so.6 at 0x00007efec445d000
R12=0x00007efe8aa9bb8f is pointing into the stack for thread: 0x00007efebc354800
R13=0x3b6e6f6974706563 is an unknown value
R14=0x00007efebc354800 is a thread
R15=0x00007efe8aa9bac0 is pointing into the stack for thread: 0x00007efebc354800


Stack: [0x00007efe8a99c000,0x00007efe8aa9d000],  sp=0x00007efe8aa9ba90,  free space=1022k
Native frames: (J=compiled Java code, j=interpreted, Vv=VM code, C=native code)
V  [libjvm.so+0x87179e]  Method::checked_resolve_jmethod_id(_jmethodID*)+0xe
V  [libjvm.so+0x6e579d]  jvmti_IsMethodSynthetic+0x24d
C  [libjdwp.so+0x27769]
C  [libjdwp.so+0x78f0]
C  [libjdwp.so+0x11b28]
C  [libjdwp.so+0x243d5]
V  [libjvm.so+0x7595f0]  JvmtiAgentThread::start_function_wrapper(JavaThread*, Thread*)+0xc0
V  [libjvm.so+0xa3652a]  JavaThread::thread_main_inner()+0x25a
V  [libjvm.so+0x8dd8a2]  java_start(Thread*)+0xf2
C  [libpthread.so.0+0x76aa]  start_thread+0xca


---------------  P R O C E S S  ---------------

Java Threads: ( => current thread )
  0x00007efebc36f000 JavaThread "Service Thread" daemon [_thread_blocked, id=30294, stack(0x00007efe8a295000,0x00007efe8a396000)]
  0x00007efebc361800 JavaThread "C1 CompilerThread3" daemon [_thread_blocked, id=30293, stack(0x00007efe8a396000,0x00007efe8a497000)]
  0x00007efebc35f000 JavaThread "C2 CompilerThread2" daemon [_thread_blocked, id=30292, stack(0x00007efe8a497000,0x00007efe8a598000)]
  0x00007efebc35d000 JavaThread "C2 CompilerThread1" daemon [_thread_blocked, id=30291, stack(0x00007efe8a598000,0x00007efe8a699000)]
  0x00007efebc35b000 JavaThread "C2 CompilerThread0" daemon [_thread_blocked, id=30290, stack(0x00007efe8a699000,0x00007efe8a79a000)]
  0x00007efe58001000 JavaThread "JDWP Command Reader" daemon [_thread_in_native, id=30288, stack(0x00007efe8a79a000,0x00007efe8a89b000)]
  0x00007efebc358000 JavaThread "JDWP Event Helper Thread" daemon [_thread_blocked, id=30286, stack(0x00007efe8a89b000,0x00007efe8a99c000)]
=>0x00007efebc354800 JavaThread "JDWP Transport Listener: dt_socket" daemon [_thread_in_vm, id=30284, stack(0x00007efe8a99c000,0x00007efe8aa9d000)]
  0x00007efebc200800 JavaThread "Signal Dispatcher" daemon [_thread_blocked, id=30282, stack(0x00007efe8b8f9000,0x00007efe8b9fa000)]
  0x00007efebc1d2000 JavaThread "Finalizer" daemon [_thread_blocked, id=30280, stack(0x00007efe8b9fa000,0x00007efe8bafb000)]
  0x00007efebc1d0000 JavaThread "Reference Handler" daemon [_thread_blocked, id=30279, stack(0x00007efe8bafb000,0x00007efe8bbfc000)]
  0x00007efebc00d800 JavaThread "main" [_thread_blocked, id=30269, stack(0x00007efec4b36000,0x00007efec4c37000)]

Other Threads:
  0x00007efebc1cb000 VMThread [stack: 0x00007efe8bbfc000,0x00007efe8bcfd000] [id=30278]
  0x00007efebc371800 WatcherThread [stack: 0x00007efe8a194000,0x00007efe8a295000] [id=30295]

VM state:not at safepoint (normal execution)

VM Mutex/Monitor currently owned by a thread: None

Heap:
 PSYoungGen      total 150016K, used 112034K [0x0000000718e00000, 0x0000000723500000, 0x00000007c0000000)
  eden space 129024K, 86% used [0x0000000718e00000,0x000000071fb68af8,0x0000000720c00000)
  from space 20992K, 0% used [0x0000000722080000,0x0000000722080000,0x0000000723500000)
  to   space 20992K, 0% used [0x0000000720c00000,0x0000000720c00000,0x0000000722080000)
 ParOldGen       total 343040K, used 0K [0x00000005caa00000, 0x00000005df900000, 0x0000000718e00000)
  object space 343040K, 0% used [0x00000005caa00000,0x00000005caa00000,0x00000005df900000)
 Metaspace       used 4999K, capacity 5572K, committed 5760K, reserved 1056768K
  class space    used 516K, capacity 534K, committed 640K, reserved 1048576K

Card table byte_map: [0x00007efeac054000,0x00007efead000000] byte_map_base: 0x00007efea91ff000

Marking Bits: (ParMarkBitMap*) 0x00007efec3e04e80
 Begin Bits: [0x00007efe74550000, 0x00007efe7c2a8000)
 End Bits:   [0x00007efe7c2a8000, 0x00007efe84000000)

Polling page: 0x00007efec4c56000

CodeCache: size=245760Kb used=2858Kb max_used=2858Kb free=242901Kb
 bounds [0x00007efead000000, 0x00007efead2d0000, 0x00007efebc000000]
 total_blobs=771 nmethods=499 adapters=195
 compilation: enabled

Compilation events (10 events):
Event: 0.755 Thread 0x00007efebc361800  490       1       edu.illinois.cs.cogcomp.lbjava.learn.SparseAveragedPerceptron$AveragedWeightVector::getExamples (5 bytes)
Event: 0.755 Thread 0x00007efebc361800 nmethod 490 0x00007efead2b4050 code [0x00007efead2b41a0, 0x00007efead2b42b0]
Event: 0.755 Thread 0x00007efebc361800  488       1       java.util.TreeMap::access$100 (5 bytes)
Event: 0.755 Thread 0x00007efebc361800 nmethod 488 0x00007efead2bcd50 code [0x00007efead2bcea0, 0x00007efead2bcf90]
Event: 1.962 Thread 0x00007efebc361800  497       3       sun.misc.FDBigInteger::mult (64 bytes)
Event: 1.962 Thread 0x00007efebc361800 nmethod 497 0x00007efead2bc650 code [0x00007efead2bc7c0, 0x00007efead2bca70]
Event: 1.962 Thread 0x00007efebc361800  498       3       sun.misc.FDBigInteger::<init> (30 bytes)
Event: 1.963 Thread 0x00007efebc361800 nmethod 498 0x00007efead2bc1d0 code [0x00007efead2bc340, 0x00007efead2bc568]
Event: 1.963 Thread 0x00007efebc361800  499       3       sun.misc.FDBigInteger::trimLeadingZeros (57 bytes)
Event: 1.963 Thread 0x00007efebc361800 nmethod 499 0x00007efead2cbc50 code [0x00007efead2cbdc0, 0x00007efead2cc0f0]

GC Heap History (0 events):
No events

Deoptimization events (10 events):
Event: 0.688 Thread 0x00007efebc00d800 Uncommon trap: reason=speculate_class_check action=maybe_recompile pc=0x00007efead1fd7c8 method=edu.illinois.cs.cogcomp.lbjava.learn.Lexicon.read(Ledu/illinois/cs/cogcomp/lbjava/util/ExceptionlessInputStream;Z)V @ 124
Event: 0.690 Thread 0x00007efebc00d800 Uncommon trap: reason=speculate_class_check action=maybe_recompile pc=0x00007efead1fd7c8 method=edu.illinois.cs.cogcomp.lbjava.learn.Lexicon.read(Ledu/illinois/cs/cogcomp/lbjava/util/ExceptionlessInputStream;Z)V @ 124
Event: 0.691 Thread 0x00007efebc00d800 Uncommon trap: reason=speculate_class_check action=maybe_recompile pc=0x00007efead1fd7c8 method=edu.illinois.cs.cogcomp.lbjava.learn.Lexicon.read(Ledu/illinois/cs/cogcomp/lbjava/util/ExceptionlessInputStream;Z)V @ 124
Event: 0.695 Thread 0x00007efebc00d800 Uncommon trap: reason=class_check action=maybe_recompile pc=0x00007efead2235f4 method=java.util.HashMap.putVal(ILjava/lang/Object;Ljava/lang/Object;ZZ)Ljava/lang/Object; @ 203
Event: 0.695 Thread 0x00007efebc00d800 Uncommon trap: reason=bimorphic action=maybe_recompile pc=0x00007efead223648 method=java.util.HashMap.putVal(ILjava/lang/Object;Ljava/lang/Object;ZZ)Ljava/lang/Object; @ 91
Event: 0.695 Thread 0x00007efebc00d800 Uncommon trap: reason=bimorphic action=maybe_recompile pc=0x00007efead223648 method=java.util.HashMap.putVal(ILjava/lang/Object;Ljava/lang/Object;ZZ)Ljava/lang/Object; @ 91
Event: 0.695 Thread 0x00007efebc00d800 Uncommon trap: reason=bimorphic action=maybe_recompile pc=0x00007efead223648 method=java.util.HashMap.putVal(ILjava/lang/Object;Ljava/lang/Object;ZZ)Ljava/lang/Object; @ 91
Event: 0.695 Thread 0x00007efebc00d800 Uncommon trap: reason=bimorphic action=maybe_recompile pc=0x00007efead223648 method=java.util.HashMap.putVal(ILjava/lang/Object;Ljava/lang/Object;ZZ)Ljava/lang/Object; @ 91
Event: 0.696 Thread 0x00007efebc00d800 Uncommon trap: reason=bimorphic action=maybe_recompile pc=0x00007efead225bf8 method=java.util.HashMap.putVal(ILjava/lang/Object;Ljava/lang/Object;ZZ)Ljava/lang/Object; @ 91
Event: 0.740 Thread 0x00007efebc00d800 Uncommon trap: reason=unstable_if action=reinterpret pc=0x00007efead2971d0 method=edu.illinois.cs.cogcomp.lbjava.learn.Lexicon.lazyMapCreation()V @ 30

Internal exceptions (10 events):
Event: 0.046 Thread 0x00007efebc00d800 Exception <a 'java/util/zip/ZipException'> (0x0000000718ec92b0) thrown at [/build/buildd/openjdk-8-8u45-b14/src/hotspot/src/share/vm/prims/jni.cpp, line 709]
Event: 0.046 Thread 0x00007efebc00d800 Exception <a 'java/security/PrivilegedActionException'> (0x0000000718ec9990) thrown at [/build/buildd/openjdk-8-8u45-b14/src/hotspot/src/share/vm/prims/jvm.cpp, line 1382]
Event: 0.046 Thread 0x00007efebc00d800 Exception <a 'java/security/PrivilegedActionException'> (0x0000000718ec9b48) thrown at [/build/buildd/openjdk-8-8u45-b14/src/hotspot/src/share/vm/prims/jvm.cpp, line 1382]
Event: 0.142 Thread 0x00007efebc00d800 Exception <a 'java/security/PrivilegedActionException'> (0x0000000719078998) thrown at [/build/buildd/openjdk-8-8u45-b14/src/hotspot/src/share/vm/prims/jvm.cpp, line 1382]
Event: 0.142 Thread 0x00007efebc00d800 Exception <a 'java/security/PrivilegedActionException'> (0x0000000719078ce0) thrown at [/build/buildd/openjdk-8-8u45-b14/src/hotspot/src/share/vm/prims/jvm.cpp, line 1382]
Event: 0.142 Thread 0x00007efebc00d800 Exception <a 'java/security/PrivilegedActionException'> (0x000000071907afb8) thrown at [/build/buildd/openjdk-8-8u45-b14/src/hotspot/src/share/vm/prims/jvm.cpp, line 1382]
Event: 0.142 Thread 0x00007efebc00d800 Exception <a 'java/security/PrivilegedActionException'> (0x000000071907b300) thrown at [/build/buildd/openjdk-8-8u45-b14/src/hotspot/src/share/vm/prims/jvm.cpp, line 1382]
Event: 0.142 Thread 0x00007efebc00d800 Exception <a 'java/security/PrivilegedActionException'> (0x000000071907c040) thrown at [/build/buildd/openjdk-8-8u45-b14/src/hotspot/src/share/vm/prims/jvm.cpp, line 1382]
Event: 0.142 Thread 0x00007efebc00d800 Exception <a 'java/security/PrivilegedActionException'> (0x000000071907c388) thrown at [/build/buildd/openjdk-8-8u45-b14/src/hotspot/src/share/vm/prims/jvm.cpp, line 1382]
Event: 0.406 Thread 0x00007efebc00d800 Implicit null exception at 0x00007efead1e9813 to 0x00007efead1e99cd

Events (10 events):
Event: 59.165 Executing VM operation: GetOrSetLocal
Event: 59.165 Executing VM operation: GetOrSetLocal done
Event: 59.165 Executing VM operation: GetOrSetLocal
Event: 59.165 Executing VM operation: GetOrSetLocal done
Event: 59.183 Executing VM operation: GetOrSetLocal
Event: 59.183 Executing VM operation: GetOrSetLocal done
Event: 59.183 Executing VM operation: GetOrSetLocal
Event: 59.183 Executing VM operation: GetOrSetLocal done
Event: 167.735 Executing VM operation: RedefineClasses
Event: 167.738 Executing VM operation: RedefineClasses done


Dynamic libraries:
00400000-00401000 r-xp 00000000 08:01 26478771                           /usr/lib/jvm/java-8-openjdk-amd64/jre/bin/java
00600000-00601000 r--p 00000000 08:01 26478771                           /usr/lib/jvm/java-8-openjdk-amd64/jre/bin/java
00601000-00602000 rw-p 00001000 08:01 26478771                           /usr/lib/jvm/java-8-openjdk-amd64/jre/bin/java
00896000-008b7000 rw-p 00000000 00:00 0                                  [heap]
5caa00000-5df900000 rw-p 00000000 00:00 0 
5df900000-718e00000 ---p 00000000 00:00 0 
718e00000-723500000 rw-p 00000000 00:00 0 
723500000-7c0000000 ---p 00000000 00:00 0 
7c0000000-7c00a0000 rw-p 00000000 00:00 0 
7c00a0000-800000000 ---p 00000000 00:00 0 
7efe38000000-7efe38021000 rw-p 00000000 00:00 0 
7efe38021000-7efe3c000000 ---p 00000000 00:00 0 
7efe40000000-7efe40215000 rw-p 00000000 00:00 0 
7efe40215000-7efe44000000 ---p 00000000 00:00 0 
7efe44000000-7efe44021000 rw-p 00000000 00:00 0 
7efe44021000-7efe48000000 ---p 00000000 00:00 0 
7efe48000000-7efe482f3000 rw-p 00000000 00:00 0 
7efe482f3000-7efe4c000000 ---p 00000000 00:00 0 
7efe4c000000-7efe4c41e000 rw-p 00000000 00:00 0 
7efe4c41e000-7efe50000000 ---p 00000000 00:00 0 
7efe50000000-7efe50021000 rw-p 00000000 00:00 0 
7efe50021000-7efe54000000 ---p 00000000 00:00 0 
7efe54000000-7efe54473000 rw-p 00000000 00:00 0 
7efe54473000-7efe58000000 ---p 00000000 00:00 0 
7efe58000000-7efe582aa000 rw-p 00000000 00:00 0 
7efe582aa000-7efe5c000000 ---p 00000000 00:00 0 
7efe5c000000-7efe5c021000 rw-p 00000000 00:00 0 
7efe5c021000-7efe60000000 ---p 00000000 00:00 0 
7efe60000000-7efe60021000 rw-p 00000000 00:00 0 
7efe60021000-7efe64000000 ---p 00000000 00:00 0 
7efe68000000-7efe68021000 rw-p 00000000 00:00 0 
7efe68021000-7efe6c000000 ---p 00000000 00:00 0 
7efe6c000000-7efe6c021000 rw-p 00000000 00:00 0 
7efe6c021000-7efe70000000 ---p 00000000 00:00 0 
7efe70000000-7efe70021000 rw-p 00000000 00:00 0 
7efe70021000-7efe74000000 ---p 00000000 00:00 0 
7efe74550000-7efe84000000 rw-p 00000000 00:00 0 
7efe84000000-7efe84021000 rw-p 00000000 00:00 0 
7efe84021000-7efe88000000 ---p 00000000 00:00 0 
7efe8a194000-7efe8a195000 ---p 00000000 00:00 0 
7efe8a195000-7efe8a295000 rw-p 00000000 00:00 0                          [stack:30295]
7efe8a295000-7efe8a298000 ---p 00000000 00:00 0 
7efe8a298000-7efe8a396000 rw-p 00000000 00:00 0                          [stack:30294]
7efe8a396000-7efe8a399000 ---p 00000000 00:00 0 
7efe8a399000-7efe8a497000 rw-p 00000000 00:00 0                          [stack:30293]
7efe8a497000-7efe8a49a000 ---p 00000000 00:00 0 
7efe8a49a000-7efe8a598000 rw-p 00000000 00:00 0                          [stack:30292]
7efe8a598000-7efe8a59b000 ---p 00000000 00:00 0 
7efe8a59b000-7efe8a699000 rw-p 00000000 00:00 0                          [stack:30291]
7efe8a699000-7efe8a69c000 ---p 00000000 00:00 0 
7efe8a69c000-7efe8a79a000 rw-p 00000000 00:00 0                          [stack:30290]
7efe8a79a000-7efe8a79d000 ---p 00000000 00:00 0 
7efe8a79d000-7efe8a89b000 rw-p 00000000 00:00 0                          [stack:30288]
7efe8a89b000-7efe8a89e000 ---p 00000000 00:00 0 
7efe8a89e000-7efe8a99c000 rw-p 00000000 00:00 0                          [stack:30286]
7efe8a99c000-7efe8a99f000 ---p 00000000 00:00 0 
7efe8a99f000-7efe8aa9d000 rw-p 00000000 00:00 0                          [stack:30284]
7efe8aa9d000-7efe8aaa1000 r-xp 00000000 08:01 26349082                   /usr/lib/jvm/java-8-openjdk-amd64/jre/lib/amd64/libdt_socket.so
7efe8aaa1000-7efe8aca0000 ---p 00004000 08:01 26349082                   /usr/lib/jvm/java-8-openjdk-amd64/jre/lib/amd64/libdt_socket.so
7efe8aca0000-7efe8aca1000 r--p 00003000 08:01 26349082                   /usr/lib/jvm/java-8-openjdk-amd64/jre/lib/amd64/libdt_socket.so
7efe8aca1000-7efe8aca2000 rw-p 00004000 08:01 26349082                   /usr/lib/jvm/java-8-openjdk-amd64/jre/lib/amd64/libdt_socket.so
7efe8aca2000-7efe8aca7000 r-xp 00000000 08:01 26222435                   /usr/lib/x86_64-linux-gnu/libXdmcp.so.6.0.0
7efe8aca7000-7efe8aea6000 ---p 00005000 08:01 26222435                   /usr/lib/x86_64-linux-gnu/libXdmcp.so.6.0.0
7efe8aea6000-7efe8aea7000 r--p 00004000 08:01 26222435                   /usr/lib/x86_64-linux-gnu/libXdmcp.so.6.0.0
7efe8aea7000-7efe8aea8000 rw-p 00005000 08:01 26222435                   /usr/lib/x86_64-linux-gnu/libXdmcp.so.6.0.0
7efe8aea8000-7efe8aeaa000 r-xp 00000000 08:01 26222424                   /usr/lib/x86_64-linux-gnu/libXau.so.6.0.0
7efe8aeaa000-7efe8b0aa000 ---p 00002000 08:01 26222424                   /usr/lib/x86_64-linux-gnu/libXau.so.6.0.0
7efe8b0aa000-7efe8b0ab000 r--p 00002000 08:01 26222424                   /usr/lib/x86_64-linux-gnu/libXau.so.6.0.0
7efe8b0ab000-7efe8b0ac000 rw-p 00003000 08:01 26222424                   /usr/lib/x86_64-linux-gnu/libXau.so.6.0.0
7efe8b0ac000-7efe8b0c9000 r-xp 00000000 08:01 26223622                   /usr/lib/x86_64-linux-gnu/libxcb.so.1.1.0
7efe8b0c9000-7efe8b2c9000 ---p 0001d000 08:01 26223622                   /usr/lib/x86_64-linux-gnu/libxcb.so.1.1.0
7efe8b2c9000-7efe8b2ca000 r--p 0001d000 08:01 26223622                   /usr/lib/x86_64-linux-gnu/libxcb.so.1.1.0
7efe8b2ca000-7efe8b2cb000 rw-p 0001e000 08:01 26223622                   /usr/lib/x86_64-linux-gnu/libxcb.so.1.1.0
7efe8b2cb000-7efe8b3fe000 r-xp 00000000 08:01 26222420                   /usr/lib/x86_64-linux-gnu/libX11.so.6.3.0
7efe8b3fe000-7efe8b5fe000 ---p 00133000 08:01 26222420                   /usr/lib/x86_64-linux-gnu/libX11.so.6.3.0
7efe8b5fe000-7efe8b5ff000 r--p 00133000 08:01 26222420                   /usr/lib/x86_64-linux-gnu/libX11.so.6.3.0
7efe8b5ff000-7efe8b603000 rw-p 00134000 08:01 26222420                   /usr/lib/x86_64-linux-gnu/libX11.so.6.3.0
7efe8b603000-7efe8b604000 rw-p 00000000 00:00 0 
7efe8b61b000-7efe8b61d000 rw-p 00000000 00:00 0 
7efe8b61d000-7efe8b61f000 r--s 00006000 08:01 26747486                   /usr/share/java/jayatana.jar
7efe8b61f000-7efe8b621000 r-xp 00000000 08:01 26219934                   /usr/lib/jayatana/libjayatanaag.so
7efe8b621000-7efe8b820000 ---p 00002000 08:01 26219934                   /usr/lib/jayatana/libjayatanaag.so
7efe8b820000-7efe8b821000 r--p 00001000 08:01 26219934                   /usr/lib/jayatana/libjayatanaag.so
7efe8b821000-7efe8b822000 rw-p 00002000 08:01 26219934                   /usr/lib/jayatana/libjayatanaag.so
7efe8b822000-7efe8b847000 r--s 00204000 08:01 47056228                   /home/harinder/Documents/IITD_MTP/iitd_mtp/NumericExtraction/extra_ws/MyProject/jars/trove-3.0.0a1.jar
7efe8b847000-7efe8b84b000 r--s 00018000 08:01 47056227                   /home/harinder/Documents/IITD_MTP/iitd_mtp/NumericExtraction/extra_ws/MyProject/jars/coreutilities-0.1.2.jar
7efe8b84b000-7efe8b855000 r--s 000ac000 08:01 47056226                   /home/harinder/Documents/IITD_MTP/iitd_mtp/NumericExtraction/extra_ws/MyProject/jars/LBJava-1.0.3.jar
7efe8b855000-7efe8b858000 r--s 0028e000 08:01 47056225                   /home/harinder/Documents/IITD_MTP/iitd_mtp/NumericExtraction/extra_ws/MyProject/jars/illinois-pos-2.0.0.jar
7efe8b858000-7efe8b861000 r--s 0006b000 08:01 47056224                   /home/harinder/Documents/IITD_MTP/iitd_mtp/NumericExtraction/extra_ws/MyProject/jars/edison-0.7.1.jar
7efe8b861000-7efe8b871000 r--s 000b9000 08:01 47056206                   /home/harinder/Documents/IITD_MTP/iitd_mtp/NumericExtraction/extra_ws/MyProject/jars/opennlp-tools-1.5.3.jar
7efe8b871000-7efe8b8ba000 r--s 00620000 08:01 47056713                   /home/harinder/Documents/IITD_MTP/iitd_mtp/NumericExtraction/extra_ws/MyProject/jars/stanford-corenlp-3.5.2.jar
7efe8b8ba000-7efe8b8ca000 r--s 0007c000 08:01 47187714                   /home/harinder/Documents/IITD_MTP/iitd_mtp/NumericExtraction/extra_ws/MyProject/lib/joda-time.jar
7efe8b8ca000-7efe8b8f9000 r--s 0039e000 08:01 47056696                   /home/harinder/Documents/IITD_MTP/iitd_mtp/NumericExtraction/extra_ws/MyProject/jars/stanford-ner.jar
7efe8b8f9000-7efe8b8fc000 ---p 00000000 00:00 0 
7efe8b8fc000-7efe8b9fa000 rw-p 00000000 00:00 0                          [stack:30282]
7efe8b9fa000-7efe8b9fd000 ---p 00000000 00:00 0 
7efe8b9fd000-7efe8bafb000 rw-p 00000000 00:00 0                          [stack:30280]
7efe8bafb000-7efe8bafe000 ---p 00000000 00:00 0 
7efe8bafe000-7efe8bbfc000 rw-p 00000000 00:00 0                          [stack:30279]
7efe8bbfc000-7efe8bbfd000 ---p 00000000 00:00 0 
7efe8bbfd000-7efe8c000000 rw-p 00000000 00:00 0                          [stack:30278]
7efe8c000000-7efe8c021000 rw-p 00000000 00:00 0 
7efe8c021000-7efe90000000 ---p 00000000 00:00 0 
7efe90000000-7efe90021000 rw-p 00000000 00:00 0 
7efe90021000-7efe94000000 ---p 00000000 00:00 0 
7efe94000000-7efe94021000 rw-p 00000000 00:00 0 
7efe94021000-7efe98000000 ---p 00000000 00:00 0 
7efe98000000-7efe98021000 rw-p 00000000 00:00 0 
7efe98021000-7efe9c000000 ---p 00000000 00:00 0 
7efe9c000000-7efe9c021000 rw-p 00000000 00:00 0 
7efe9c021000-7efea0000000 ---p 00000000 00:00 0 
7efea0000000-7efea0021000 rw-p 00000000 00:00 0 
7efea0021000-7efea4000000 ---p 00000000 00:00 0 
7efea4000000-7efea4021000 rw-p 00000000 00:00 0 
7efea4021000-7efea8000000 ---p 00000000 00:00 0 
7efea8000000-7efea9866000 rw-p 00000000 00:00 0 
7efea9866000-7efea9a33000 r--s 03bd3000 08:01 26349114                   /usr/lib/jvm/java-8-openjdk-amd64/jre/lib/rt.jar
7efea9a33000-7efea9f33000 rw-p 00000000 00:00 0 
7efea9f33000-7efeaa233000 ---p 00000000 00:00 0 
7efeaa233000-7efeab1de000 rw-p 00000000 00:00 0 
7efeab1de000-7efeab1df000 ---p 00000000 00:00 0 
7efeab1df000-7efeab2df000 rw-p 00000000 00:00 0                          [stack:30277]
7efeab2df000-7efeab2e0000 ---p 00000000 00:00 0 
7efeab2e0000-7efeab3e0000 rw-p 00000000 00:00 0                          [stack:30276]
7efeab3e0000-7efeab3e1000 ---p 00000000 00:00 0 
7efeab3e1000-7efeab4e1000 rw-p 00000000 00:00 0                          [stack:30275]
7efeab4e1000-7efeab4e2000 ---p 00000000 00:00 0 
7efeab4e2000-7efeab68a000 rw-p 00000000 00:00 0                          [stack:30274]
7efeab68a000-7efeac054000 ---p 00000000 00:00 0 
7efeac054000-7efeac0fc000 rw-p 00000000 00:00 0 
7efeac0fc000-7efeacac6000 ---p 00000000 00:00 0 
7efeacac6000-7efeacb1a000 rw-p 00000000 00:00 0 
7efeacb1a000-7efeacfff000 ---p 00000000 00:00 0 
7efeacfff000-7efead000000 rw-p 00000000 00:00 0 
7efead000000-7efead2d0000 rwxp 00000000 00:00 0 
7efead2d0000-7efebc000000 ---p 00000000 00:00 0 
7efebc000000-7efebc6de000 rw-p 00000000 00:00 0 
7efebc6de000-7efec0000000 ---p 00000000 00:00 0 
7efec0000000-7efec0002000 r--s 0032d000 08:01 47056117                   /home/harinder/Documents/IITD_MTP/iitd_mtp/NumericExtraction/extra_ws/MyProject/jars/illinois-quantifier-2.0.1.jar
7efec0002000-7efec0005000 r--s 00014000 08:01 47056205                   /home/harinder/Documents/IITD_MTP/iitd_mtp/NumericExtraction/extra_ws/MyProject/jars/opennlp-uima-1.5.3.jar
7efec0005000-7efec000a000 r--s 00025000 08:01 47056203                   /home/harinder/Documents/IITD_MTP/iitd_mtp/NumericExtraction/extra_ws/MyProject/jars/jwnl-1.3.3.jar
7efec000a000-7efec000d000 r--s 0001d000 08:01 47056204                   /home/harinder/Documents/IITD_MTP/iitd_mtp/NumericExtraction/extra_ws/MyProject/jars/opennlp-maxent-3.0.3.jar
7efec000d000-7efec0018000 r--s 00116000 08:01 26349097                   /usr/lib/jvm/java-8-openjdk-amd64/jre/lib/ext/localedata.jar
7efec0018000-7efec00e9000 rw-p 00000000 00:00 0 
7efec00e9000-7efec00ea000 ---p 00000000 00:00 0 
7efec00ea000-7efec01ea000 rw-p 00000000 00:00 0                          [stack:30273]
7efec01ea000-7efec01eb000 ---p 00000000 00:00 0 
7efec01eb000-7efec02eb000 rw-p 00000000 00:00 0                          [stack:30272]
7efec02eb000-7efec02ec000 ---p 00000000 00:00 0 
7efec02ec000-7efec03ec000 rw-p 00000000 00:00 0                          [stack:30271]
7efec03ec000-7efec03ed000 ---p 00000000 00:00 0 
7efec03ed000-7efec04f9000 rw-p 00000000 00:00 0                          [stack:30270]
7efec04f9000-7efec08ad000 ---p 00000000 00:00 0 
7efec08ad000-7efec08b5000 r-xp 00000000 08:01 26349045                   /usr/lib/jvm/java-8-openjdk-amd64/jre/lib/amd64/libzip.so
7efec08b5000-7efec0ab4000 ---p 00008000 08:01 26349045                   /usr/lib/jvm/java-8-openjdk-amd64/jre/lib/amd64/libzip.so
7efec0ab4000-7efec0ab5000 r--p 00007000 08:01 26349045                   /usr/lib/jvm/java-8-openjdk-amd64/jre/lib/amd64/libzip.so
7efec0ab5000-7efec0ab6000 rw-p 00008000 08:01 26349045                   /usr/lib/jvm/java-8-openjdk-amd64/jre/lib/amd64/libzip.so
7efec0ab6000-7efec0ac2000 r-xp 00000000 08:01 27529428                   /lib/x86_64-linux-gnu/libnss_files-2.21.so
7efec0ac2000-7efec0cc1000 ---p 0000c000 08:01 27529428                   /lib/x86_64-linux-gnu/libnss_files-2.21.so
7efec0cc1000-7efec0cc2000 r--p 0000b000 08:01 27529428                   /lib/x86_64-linux-gnu/libnss_files-2.21.so
7efec0cc2000-7efec0cc3000 rw-p 0000c000 08:01 27529428                   /lib/x86_64-linux-gnu/libnss_files-2.21.so
7efec0cc3000-7efec0cce000 r-xp 00000000 08:01 27529438                   /lib/x86_64-linux-gnu/libnss_nis-2.21.so
7efec0cce000-7efec0ecd000 ---p 0000b000 08:01 27529438                   /lib/x86_64-linux-gnu/libnss_nis-2.21.so
7efec0ecd000-7efec0ece000 r--p 0000a000 08:01 27529438                   /lib/x86_64-linux-gnu/libnss_nis-2.21.so
7efec0ece000-7efec0ecf000 rw-p 0000b000 08:01 27529438                   /lib/x86_64-linux-gnu/libnss_nis-2.21.so
7efec0ecf000-7efec0ee6000 r-xp 00000000 08:01 27529422                   /lib/x86_64-linux-gnu/libnsl-2.21.so
7efec0ee6000-7efec10e5000 ---p 00017000 08:01 27529422                   /lib/x86_64-linux-gnu/libnsl-2.21.so
7efec10e5000-7efec10e6000 r--p 00016000 08:01 27529422                   /lib/x86_64-linux-gnu/libnsl-2.21.so
7efec10e6000-7efec10e7000 rw-p 00017000 08:01 27529422                   /lib/x86_64-linux-gnu/libnsl-2.21.so
7efec10e7000-7efec10e9000 rw-p 00000000 00:00 0 
7efec10e9000-7efec10f1000 r-xp 00000000 08:01 27529424                   /lib/x86_64-linux-gnu/libnss_compat-2.21.so
7efec10f1000-7efec12f0000 ---p 00008000 08:01 27529424                   /lib/x86_64-linux-gnu/libnss_compat-2.21.so
7efec12f0000-7efec12f1000 r--p 00007000 08:01 27529424                   /lib/x86_64-linux-gnu/libnss_compat-2.21.so
7efec12f1000-7efec12f2000 rw-p 00008000 08:01 27529424                   /lib/x86_64-linux-gnu/libnss_compat-2.21.so
7efec12f2000-7efec19d4000 r--p 00000000 08:01 26221513                   /usr/lib/locale/locale-archive
7efec19d4000-7efec19d6000 r-xp 00000000 08:01 26349057                   /usr/lib/jvm/java-8-openjdk-amd64/jre/lib/amd64/libnpt.so
7efec19d6000-7efec1bd6000 ---p 00002000 08:01 26349057                   /usr/lib/jvm/java-8-openjdk-amd64/jre/lib/amd64/libnpt.so
7efec1bd6000-7efec1bd7000 r--p 00002000 08:01 26349057                   /usr/lib/jvm/java-8-openjdk-amd64/jre/lib/amd64/libnpt.so
7efec1bd7000-7efec1bd8000 rw-p 00003000 08:01 26349057                   /usr/lib/jvm/java-8-openjdk-amd64/jre/lib/amd64/libnpt.so
7efec1bd8000-7efec1c13000 r-xp 00000000 08:01 26349059                   /usr/lib/jvm/java-8-openjdk-amd64/jre/lib/amd64/libjdwp.so
7efec1c13000-7efec1e12000 ---p 0003b000 08:01 26349059                   /usr/lib/jvm/java-8-openjdk-amd64/jre/lib/amd64/libjdwp.so
7efec1e12000-7efec1e13000 r--p 0003a000 08:01 26349059                   /usr/lib/jvm/java-8-openjdk-amd64/jre/lib/amd64/libjdwp.so
7efec1e13000-7efec1e14000 rw-p 0003b000 08:01 26349059                   /usr/lib/jvm/java-8-openjdk-amd64/jre/lib/amd64/libjdwp.so
7efec1e14000-7efec1e15000 rw-p 00000000 00:00 0 
7efec1e15000-7efec1e1f000 r-xp 00000000 08:01 26349069                   /usr/lib/jvm/java-8-openjdk-amd64/jre/lib/amd64/libinstrument.so
7efec1e1f000-7efec201e000 ---p 0000a000 08:01 26349069                   /usr/lib/jvm/java-8-openjdk-amd64/jre/lib/amd64/libinstrument.so
7efec201e000-7efec201f000 r--p 00009000 08:01 26349069                   /usr/lib/jvm/java-8-openjdk-amd64/jre/lib/amd64/libinstrument.so
7efec201f000-7efec2020000 rw-p 0000a000 08:01 26349069                   /usr/lib/jvm/java-8-openjdk-amd64/jre/lib/amd64/libinstrument.so
7efec2020000-7efec204e000 r-xp 00000000 08:01 26349042                   /usr/lib/jvm/java-8-openjdk-amd64/jre/lib/amd64/libjava.so
7efec204e000-7efec224d000 ---p 0002e000 08:01 26349042                   /usr/lib/jvm/java-8-openjdk-amd64/jre/lib/amd64/libjava.so
7efec224d000-7efec224e000 r--p 0002d000 08:01 26349042                   /usr/lib/jvm/java-8-openjdk-amd64/jre/lib/amd64/libjava.so
7efec224e000-7efec2250000 rw-p 0002e000 08:01 26349042                   /usr/lib/jvm/java-8-openjdk-amd64/jre/lib/amd64/libjava.so
7efec2250000-7efec225f000 r-xp 00000000 08:01 26349060                   /usr/lib/jvm/java-8-openjdk-amd64/jre/lib/amd64/libverify.so
7efec225f000-7efec245f000 ---p 0000f000 08:01 26349060                   /usr/lib/jvm/java-8-openjdk-amd64/jre/lib/amd64/libverify.so
7efec245f000-7efec2462000 r--p 0000f000 08:01 26349060                   /usr/lib/jvm/java-8-openjdk-amd64/jre/lib/amd64/libverify.so
7efec2462000-7efec2463000 rw-p 00012000 08:01 26349060                   /usr/lib/jvm/java-8-openjdk-amd64/jre/lib/amd64/libverify.so
7efec2463000-7efec246a000 r-xp 00000000 08:01 27529483                   /lib/x86_64-linux-gnu/librt-2.21.so
7efec246a000-7efec2669000 ---p 00007000 08:01 27529483                   /lib/x86_64-linux-gnu/librt-2.21.so
7efec2669000-7efec266a000 r--p 00006000 08:01 27529483                   /lib/x86_64-linux-gnu/librt-2.21.so
7efec266a000-7efec266b000 rw-p 00007000 08:01 27529483                   /lib/x86_64-linux-gnu/librt-2.21.so
7efec266b000-7efec2681000 r-xp 00000000 08:01 27529371                   /lib/x86_64-linux-gnu/libgcc_s.so.1
7efec2681000-7efec2880000 ---p 00016000 08:01 27529371                   /lib/x86_64-linux-gnu/libgcc_s.so.1
7efec2880000-7efec2881000 rw-p 00015000 08:01 27529371                   /lib/x86_64-linux-gnu/libgcc_s.so.1
7efec2881000-7efec2988000 r-xp 00000000 08:01 27529401                   /lib/x86_64-linux-gnu/libm-2.21.so
7efec2988000-7efec2b87000 ---p 00107000 08:01 27529401                   /lib/x86_64-linux-gnu/libm-2.21.so
7efec2b87000-7efec2b88000 r--p 00106000 08:01 27529401                   /lib/x86_64-linux-gnu/libm-2.21.so
7efec2b88000-7efec2b89000 rw-p 00107000 08:01 27529401                   /lib/x86_64-linux-gnu/libm-2.21.so
7efec2b89000-7efec2c79000 r-xp 00000000 08:01 26223416                   /usr/lib/x86_64-linux-gnu/libstdc++.so.6.0.20
7efec2c79000-7efec2e79000 ---p 000f0000 08:01 26223416                   /usr/lib/x86_64-linux-gnu/libstdc++.so.6.0.20
7efec2e79000-7efec2e81000 r--p 000f0000 08:01 26223416                   /usr/lib/x86_64-linux-gnu/libstdc++.so.6.0.20
7efec2e81000-7efec2e83000 rw-p 000f8000 08:01 26223416                   /usr/lib/x86_64-linux-gnu/libstdc++.so.6.0.20
7efec2e83000-7efec2e98000 rw-p 00000000 00:00 0 
7efec2e98000-7efec3b25000 r-xp 00000000 08:01 26349074                   /usr/lib/jvm/java-8-openjdk-amd64/jre/lib/amd64/server/libjvm.so
7efec3b25000-7efec3d25000 ---p 00c8d000 08:01 26349074                   /usr/lib/jvm/java-8-openjdk-amd64/jre/lib/amd64/server/libjvm.so
7efec3d25000-7efec3dc8000 r--p 00c8d000 08:01 26349074                   /usr/lib/jvm/java-8-openjdk-amd64/jre/lib/amd64/server/libjvm.so
7efec3dc8000-7efec3df1000 rw-p 00d30000 08:01 26349074                   /usr/lib/jvm/java-8-openjdk-amd64/jre/lib/amd64/server/libjvm.so
7efec3df1000-7efec3e20000 rw-p 00000000 00:00 0 
7efec3e20000-7efec3e38000 r-xp 00000000 08:01 27529475                   /lib/x86_64-linux-gnu/libpthread-2.21.so
7efec3e38000-7efec4038000 ---p 00018000 08:01 27529475                   /lib/x86_64-linux-gnu/libpthread-2.21.so
7efec4038000-7efec4039000 r--p 00018000 08:01 27529475                   /lib/x86_64-linux-gnu/libpthread-2.21.so
7efec4039000-7efec403a000 rw-p 00019000 08:01 27529475                   /lib/x86_64-linux-gnu/libpthread-2.21.so
7efec403a000-7efec403e000 rw-p 00000000 00:00 0 
7efec403e000-7efec4041000 r-xp 00000000 08:01 27529359                   /lib/x86_64-linux-gnu/libdl-2.21.so
7efec4041000-7efec4240000 ---p 00003000 08:01 27529359                   /lib/x86_64-linux-gnu/libdl-2.21.so
7efec4240000-7efec4241000 r--p 00002000 08:01 27529359                   /lib/x86_64-linux-gnu/libdl-2.21.so
7efec4241000-7efec4242000 rw-p 00003000 08:01 27529359                   /lib/x86_64-linux-gnu/libdl-2.21.so
7efec4242000-7efec425b000 r-xp 00000000 08:01 27529516                   /lib/x86_64-linux-gnu/libz.so.1.2.8
7efec425b000-7efec445b000 ---p 00019000 08:01 27529516                   /lib/x86_64-linux-gnu/libz.so.1.2.8
7efec445b000-7efec445c000 r--p 00019000 08:01 27529516                   /lib/x86_64-linux-gnu/libz.so.1.2.8
7efec445c000-7efec445d000 rw-p 0001a000 08:01 27529516                   /lib/x86_64-linux-gnu/libz.so.1.2.8
7efec445d000-7efec461d000 r-xp 00000000 08:01 27529342                   /lib/x86_64-linux-gnu/libc-2.21.so
7efec461d000-7efec481d000 ---p 001c0000 08:01 27529342                   /lib/x86_64-linux-gnu/libc-2.21.so
7efec481d000-7efec4821000 r--p 001c0000 08:01 27529342                   /lib/x86_64-linux-gnu/libc-2.21.so
7efec4821000-7efec4823000 rw-p 001c4000 08:01 27529342                   /lib/x86_64-linux-gnu/libc-2.21.so
7efec4823000-7efec4827000 rw-p 00000000 00:00 0 
7efec4827000-7efec4835000 r-xp 00000000 08:01 26349081                   /usr/lib/jvm/java-8-openjdk-amd64/jre/lib/amd64/jli/libjli.so
7efec4835000-7efec4a34000 ---p 0000e000 08:01 26349081                   /usr/lib/jvm/java-8-openjdk-amd64/jre/lib/amd64/jli/libjli.so
7efec4a34000-7efec4a35000 r--p 0000d000 08:01 26349081                   /usr/lib/jvm/java-8-openjdk-amd64/jre/lib/amd64/jli/libjli.so
7efec4a35000-7efec4a36000 rw-p 0000e000 08:01 26349081                   /usr/lib/jvm/java-8-openjdk-amd64/jre/lib/amd64/jli/libjli.so
7efec4a36000-7efec4a5a000 r-xp 00000000 08:01 27529314                   /lib/x86_64-linux-gnu/ld-2.21.so
7efec4a5a000-7efec4a5b000 r--s 00000000 08:01 26747487                   /usr/share/java/jayatanaag.jar
7efec4a5b000-7efec4a60000 r--s 0002d000 08:01 47187715                   /home/harinder/Documents/IITD_MTP/iitd_mtp/NumericExtraction/extra_ws/MyProject/lib/jollyday-0.4.7.jar
7efec4a60000-7efec4a63000 r--s 0000f000 08:01 26349103                   /usr/lib/jvm/java-8-openjdk-amd64/jre/lib/ext/icedtea-sound.jar
7efec4a63000-7efec4a7d000 r--s 001d3000 08:01 26349095                   /usr/lib/jvm/java-8-openjdk-amd64/jre/lib/ext/nashorn.jar
7efec4a7d000-7efec4a99000 r--s 00393000 08:01 26349094                   /usr/lib/jvm/java-8-openjdk-amd64/jre/lib/ext/cldrdata.jar
7efec4a99000-7efec4b36000 rw-p 00000000 00:00 0 
7efec4b36000-7efec4b39000 ---p 00000000 00:00 0 
7efec4b39000-7efec4c3c000 rw-p 00000000 00:00 0                          [stack:30269]
7efec4c3c000-7efec4c3e000 r--s 01461000 08:01 47187716                   /home/harinder/Documents/IITD_MTP/iitd_mtp/NumericExtraction/extra_ws/MyProject/lib/stanford-ner-resources.jar
7efec4c3e000-7efec4c44000 r--s 0003a000 08:01 26349100                   /usr/lib/jvm/java-8-openjdk-amd64/jre/lib/ext/sunjce_provider.jar
7efec4c44000-7efec4c45000 r--s 00008000 08:01 26349096                   /usr/lib/jvm/java-8-openjdk-amd64/jre/lib/ext/sunec.jar
7efec4c45000-7efec4c46000 r--s 00010000 08:01 26349099                   /usr/lib/jvm/java-8-openjdk-amd64/jre/lib/ext/zipfs.jar
7efec4c46000-7efec4c48000 r--s 00006000 08:01 26738883                   /usr/share/java/java-atk-wrapper.jar
7efec4c48000-7efec4c4a000 r--s 00001000 08:01 26349102                   /usr/lib/jvm/java-8-openjdk-amd64/jre/lib/ext/dnsns.jar
7efec4c4a000-7efec4c4d000 r--s 00037000 08:01 26349104                   /usr/lib/jvm/java-8-openjdk-amd64/jre/lib/ext/sunpkcs11.jar
7efec4c4d000-7efec4c55000 rw-s 00000000 08:01 51512587                   /tmp/hsperfdata_harinder/30263
7efec4c55000-7efec4c56000 rw-p 00000000 00:00 0 
7efec4c56000-7efec4c57000 r--p 00000000 00:00 0 
7efec4c57000-7efec4c59000 rw-p 00000000 00:00 0 
7efec4c59000-7efec4c5a000 r--p 00023000 08:01 27529314                   /lib/x86_64-linux-gnu/ld-2.21.so
7efec4c5a000-7efec4c5b000 rw-p 00024000 08:01 27529314                   /lib/x86_64-linux-gnu/ld-2.21.so
7efec4c5b000-7efec4c5c000 rw-p 00000000 00:00 0 
7ffcb34cf000-7ffcb34f0000 rw-p 00000000 00:00 0                          [stack]
7ffcb35c9000-7ffcb35cb000 r--p 00000000 00:00 0                          [vvar]
7ffcb35cb000-7ffcb35cd000 r-xp 00000000 00:00 0                          [vdso]
ffffffffff600000-ffffffffff601000 r-xp 00000000 00:00 0                  [vsyscall]

VM Arguments:
jvm_args: -javaagent:/usr/share/java/jayatanaag.jar -agentlib:jdwp=transport=dt_socket,suspend=y,address=localhost:58342 -Dfile.encoding=UTF-8 
java_command: test.Quantifier_Danroth
java_class_path (initial): /home/harinder/Documents/IITD_MTP/iitd_mtp/NumericExtraction/extra_ws/MyProject/bin:/home/harinder/Documents/IITD_MTP/iitd_mtp/NumericExtraction/extra_ws/MyProject/jars/stanford-ner.jar:/home/harinder/Documents/IITD_MTP/iitd_mtp/NumericExtraction/extra_ws/MyProject/lib/joda-time.jar:/home/harinder/Documents/IITD_MTP/iitd_mtp/NumericExtraction/extra_ws/MyProject/lib/jollyday-0.4.7.jar:/home/harinder/Documents/IITD_MTP/iitd_mtp/NumericExtraction/extra_ws/MyProject/lib/stanford-ner-resources.jar:/home/harinder/Documents/IITD_MTP/iitd_mtp/NumericExtraction/extra_ws/MyProject/jars/stanford-corenlp-3.5.2.jar:/home/harinder/Documents/IITD_MTP/iitd_mtp/NumericExtraction/extra_ws/MyProject/jars/opennlp-maxent-3.0.3.jar:/home/harinder/Documents/IITD_MTP/iitd_mtp/NumericExtraction/extra_ws/MyProject/jars/jwnl-1.3.3.jar:/home/harinder/Documents/IITD_MTP/iitd_mtp/NumericExtraction/extra_ws/MyProject/jars/opennlp-tools-1.5.3.jar:/home/harinder/Documents/IITD_MTP/iitd_mtp/NumericExtraction/extra_ws/MyProject/jars/opennlp-uima-1.5.3.jar:/home/harinder/Documents/IITD_MTP/iitd_mtp/NumericExtraction/extra_ws/MyProject/jars/illinois-quantifier-2.0.1.jar:/home/harinder/Documents/IITD_MTP/iitd_mtp/NumericExtraction/extra_ws/MyProject/jars/edison-0.7.1.jar:/home/harinder/Documents/IITD_MTP/iitd_mtp/NumericExtraction/extra_ws/MyProject/jars/illinois-pos-2.0.0.jar:/home/harinder/Documents/IITD_MTP/iitd_mtp/NumericExtraction/extra_ws/MyProject/jars/LBJava-1.0.3.jar:/home/harinder/Documents/IITD_MTP/iitd_mtp/NumericExtraction/extra_ws/MyProject/jars/coreutilities-0.1.2.jar:/home/harinder/Documents/IITD_MTP/iitd_mtp/NumericExtraction/extra_ws/MyProject/jars/trove-3.0.0a1.jar:/usr/share/java/jayatanaag.jar
Launcher Type: SUN_STANDARD

Environment Variables:
JAVA_TOOL_OPTIONS=-javaagent:/usr/share/java/jayatanaag.jar 
PATH=/usr/local/sbin:/usr/local/bin:/usr/sbin:/usr/bin:/sbin:/bin:/usr/games:/usr/local/games
SHELL=/bin/bash
DISPLAY=:0.0

Signal Handlers:
SIGSEGV: [libjvm.so+0xa90d80], sa_mask[0]=11111111011111111101111111111110, sa_flags=SA_RESTART|SA_SIGINFO
SIGBUS: [libjvm.so+0xa90d80], sa_mask[0]=11111111011111111101111111111110, sa_flags=SA_RESTART|SA_SIGINFO
SIGFPE: [libjvm.so+0x8dbc70], sa_mask[0]=11111111011111111101111111111110, sa_flags=SA_RESTART|SA_SIGINFO
SIGPIPE: [libjvm.so+0x8dbc70], sa_mask[0]=11111111011111111101111111111110, sa_flags=SA_RESTART|SA_SIGINFO
SIGXFSZ: [libjvm.so+0x8dbc70], sa_mask[0]=11111111011111111101111111111110, sa_flags=SA_RESTART|SA_SIGINFO
SIGILL: [libjvm.so+0x8dbc70], sa_mask[0]=11111111011111111101111111111110, sa_flags=SA_RESTART|SA_SIGINFO
SIGUSR1: SIG_DFL, sa_mask[0]=00000000000000000000000000000000, sa_flags=none
SIGUSR2: [libjvm.so+0x8dbb20], sa_mask[0]=00100000000000000000000000000000, sa_flags=SA_RESTART|SA_SIGINFO
SIGHUP: [libjvm.so+0x8dbd40], sa_mask[0]=11111111011111111101111111111110, sa_flags=SA_RESTART|SA_SIGINFO
SIGINT: [libjvm.so+0x8dbd40], sa_mask[0]=11111111011111111101111111111110, sa_flags=SA_RESTART|SA_SIGINFO
SIGTERM: [libjvm.so+0x8dbd40], sa_mask[0]=11111111011111111101111111111110, sa_flags=SA_RESTART|SA_SIGINFO
SIGQUIT: [libjvm.so+0x8dbd40], sa_mask[0]=11111111011111111101111111111110, sa_flags=SA_RESTART|SA_SIGINFO


---------------  S Y S T E M  ---------------

OS:DISTRIB_ID=Ubuntu
DISTRIB_RELEASE=15.04
DISTRIB_CODENAME=vivid
DISTRIB_DESCRIPTION="Ubuntu 15.04"

uname:Linux 3.19.0-25-generic #26-Ubuntu SMP Fri Jul 24 21:17:31 UTC 2015 x86_64
libc:glibc 2.21 NPTL 2.21 
rlimit: STACK 8192k, CORE 0k, NPROC 128250, NOFILE 65536, AS infinity
load average:1.06 0.98 0.95

/proc/meminfo:
MemTotal:       32854384 kB
MemFree:         5260588 kB
MemAvailable:   28351792 kB
Buffers:          511356 kB
Cached:         22560764 kB
SwapCached:        50832 kB
Active:          6755964 kB
Inactive:       19607580 kB
Active(anon):    2613548 kB
Inactive(anon):  1429036 kB
Active(file):    4142416 kB
Inactive(file): 18178544 kB
Unevictable:         236 kB
Mlocked:             236 kB
SwapTotal:      33459196 kB
SwapFree:       32922004 kB
Dirty:               272 kB
Writeback:             0 kB
AnonPages:       3260740 kB
Mapped:           597688 kB
Shmem:            751160 kB
Slab:            1080856 kB
SReclaimable:    1023660 kB
SUnreclaim:        57196 kB
KernelStack:       10720 kB
PageTables:        39964 kB
NFS_Unstable:          0 kB
Bounce:                0 kB
WritebackTmp:          0 kB
CommitLimit:    49886388 kB
Committed_AS:    8490508 kB
VmallocTotal:   34359738367 kB
VmallocUsed:      408204 kB
VmallocChunk:   34359250068 kB
HardwareCorrupted:     0 kB
AnonHugePages:   1996800 kB
CmaTotal:              0 kB
CmaFree:               0 kB
HugePages_Total:       0
HugePages_Free:        0
HugePages_Rsvd:        0
HugePages_Surp:        0
Hugepagesize:       2048 kB
DirectMap4k:      281208 kB
DirectMap2M:    20596736 kB
DirectMap1G:    13631488 kB


CPU:total 8 (4 cores per cpu, 2 threads per core) family 6 model 60 stepping 3, cmov, cx8, fxsr, mmx, sse, sse2, sse3, ssse3, sse4.1, sse4.2, popcnt, avx, avx2, aes, clmul, erms, rtm, lzcnt, ht, tsc, tscinvbit, bmi1, bmi2

/proc/cpuinfo:
processor	: 0
vendor_id	: GenuineIntel
cpu family	: 6
model		: 60
model name	: Intel(R) Core(TM) i7-4770 CPU @ 3.40GHz
stepping	: 3
microcode	: 0x17
cpu MHz		: 3645.437
cache size	: 8192 KB
physical id	: 0
siblings	: 8
core id		: 0
cpu cores	: 4
apicid		: 0
initial apicid	: 0
fpu		: yes
fpu_exception	: yes
cpuid level	: 13
wp		: yes
flags		: fpu vme de pse tsc msr pae mce cx8 apic sep mtrr pge mca cmov pat pse36 clflush dts acpi mmx fxsr sse sse2 ss ht tm pbe syscall nx pdpe1gb rdtscp lm constant_tsc arch_perfmon pebs bts rep_good nopl xtopology nonstop_tsc aperfmperf eagerfpu pni pclmulqdq dtes64 monitor ds_cpl vmx smx est tm2 ssse3 fma cx16 xtpr pdcm pcid sse4_1 sse4_2 x2apic movbe popcnt tsc_deadline_timer aes xsave avx f16c rdrand lahf_lm abm ida arat epb pln pts dtherm tpr_shadow vnmi flexpriority ept vpid fsgsbase tsc_adjust bmi1 hle avx2 smep bmi2 erms invpcid rtm xsaveopt
bugs		:
bogomips	: 6784.51
clflush size	: 64
cache_alignment	: 64
address sizes	: 39 bits physical, 48 bits virtual
power management:

processor	: 1
vendor_id	: GenuineIntel
cpu family	: 6
model		: 60
model name	: Intel(R) Core(TM) i7-4770 CPU @ 3.40GHz
stepping	: 3
microcode	: 0x17
cpu MHz		: 3720.343
cache size	: 8192 KB
physical id	: 0
siblings	: 8
core id		: 1
cpu cores	: 4
apicid		: 2
initial apicid	: 2
fpu		: yes
fpu_exception	: yes
cpuid level	: 13
wp		: yes
flags		: fpu vme de pse tsc msr pae mce cx8 apic sep mtrr pge mca cmov pat pse36 clflush dts acpi mmx fxsr sse sse2 ss ht tm pbe syscall nx pdpe1gb rdtscp lm constant_tsc arch_perfmon pebs bts rep_good nopl xtopology nonstop_tsc aperfmperf eagerfpu pni pclmulqdq dtes64 monitor ds_cpl vmx smx est tm2 ssse3 fma cx16 xtpr pdcm pcid sse4_1 sse4_2 x2apic movbe popcnt tsc_deadline_timer aes xsave avx f16c rdrand lahf_lm abm ida arat epb pln pts dtherm tpr_shadow vnmi flexpriority ept vpid fsgsbase tsc_adjust bmi1 hle avx2 smep bmi2 erms invpcid rtm xsaveopt
bugs		:
bogomips	: 6784.51
clflush size	: 64
cache_alignment	: 64
address sizes	: 39 bits physical, 48 bits virtual
power management:

processor	: 2
vendor_id	: GenuineIntel
cpu family	: 6
model		: 60
model name	: Intel(R) Core(TM) i7-4770 CPU @ 3.40GHz
stepping	: 3
microcode	: 0x17
cpu MHz		: 3698.960
cache size	: 8192 KB
physical id	: 0
siblings	: 8
core id		: 2
cpu cores	: 4
apicid		: 4
initial apicid	: 4
fpu		: yes
fpu_exception	: yes
cpuid level	: 13
wp		: yes
flags		: fpu vme de pse tsc msr pae mce cx8 apic sep mtrr pge mca cmov pat pse36 clflush dts acpi mmx fxsr sse sse2 ss ht tm pbe syscall nx pdpe1gb rdtscp lm constant_tsc arch_perfmon pebs bts rep_good nopl xtopology nonstop_tsc aperfmperf eagerfpu pni pclmulqdq dtes64 monitor ds_cpl vmx smx est tm2 ssse3 fma cx16 xtpr pdcm pcid sse4_1 sse4_2 x2apic movbe popcnt tsc_deadline_timer aes xsave avx f16c rdrand lahf_lm abm ida arat epb pln pts dtherm tpr_shadow vnmi flexpriority ept vpid fsgsbase tsc_adjust bmi1 hle avx2 smep bmi2 erms invpcid rtm xsaveopt
bugs		:
bogomips	: 6784.51
clflush size	: 64
cache_alignment	: 64
address sizes	: 39 bits physical, 48 bits virtual
power management:

processor	: 3
vendor_id	: GenuineIntel
cpu family	: 6
model		: 60
model name	: Intel(R) Core(TM) i7-4770 CPU @ 3.40GHz
stepping	: 3
microcode	: 0x17
cpu MHz		: 3749.828
cache size	: 8192 KB
physical id	: 0
siblings	: 8
core id		: 3
cpu cores	: 4
apicid		: 6
initial apicid	: 6
fpu		: yes
fpu_exception	: yes
cpuid level	: 13
wp		: yes
flags		: fpu vme de pse tsc msr pae mce cx8 apic sep mtrr pge mca cmov pat pse36 clflush dts acpi mmx fxsr sse sse2 ss ht tm pbe syscall nx pdpe1gb rdtscp lm constant_tsc arch_perfmon pebs bts rep_good nopl xtopology nonstop_tsc aperfmperf eagerfpu pni pclmulqdq dtes64 monitor ds_cpl vmx smx est tm2 ssse3 fma cx16 xtpr pdcm pcid sse4_1 sse4_2 x2apic movbe popcnt tsc_deadline_timer aes xsave avx f16c rdrand lahf_lm abm ida arat epb pln pts dtherm tpr_shadow vnmi flexpriority ept vpid fsgsbase tsc_adjust bmi1 hle avx2 smep bmi2 erms invpcid rtm xsaveopt
bugs		:
bogomips	: 6784.51
clflush size	: 64
cache_alignment	: 64
address sizes	: 39 bits physical, 48 bits virtual
power management:

processor	: 4
vendor_id	: GenuineIntel
cpu family	: 6
model		: 60
model name	: Intel(R) Core(TM) i7-4770 CPU @ 3.40GHz
stepping	: 3
microcode	: 0x17
cpu MHz		: 3673.726
cache size	: 8192 KB
physical id	: 0
siblings	: 8
core id		: 0
cpu cores	: 4
apicid		: 1
initial apicid	: 1
fpu		: yes
fpu_exception	: yes
cpuid level	: 13
wp		: yes
flags		: fpu vme de pse tsc msr pae mce cx8 apic sep mtrr pge mca cmov pat pse36 clflush dts acpi mmx fxsr sse sse2 ss ht tm pbe syscall nx pdpe1gb rdtscp lm constant_tsc arch_perfmon pebs bts rep_good nopl xtopology nonstop_tsc aperfmperf eagerfpu pni pclmulqdq dtes64 monitor ds_cpl vmx smx est tm2 ssse3 fma cx16 xtpr pdcm pcid sse4_1 sse4_2 x2apic movbe popcnt tsc_deadline_timer aes xsave avx f16c rdrand lahf_lm abm ida arat epb pln pts dtherm tpr_shadow vnmi flexpriority ept vpid fsgsbase tsc_adjust bmi1 hle avx2 smep bmi2 erms invpcid rtm xsaveopt
bugs		:
bogomips	: 6784.51
clflush size	: 64
cache_alignment	: 64
address sizes	: 39 bits physical, 48 bits virtual
power management:

processor	: 5
vendor_id	: GenuineIntel
cpu family	: 6
model		: 60
model name	: Intel(R) Core(TM) i7-4770 CPU @ 3.40GHz
stepping	: 3
microcode	: 0x17
cpu MHz		: 3659.648
cache size	: 8192 KB
physical id	: 0
siblings	: 8
core id		: 1
cpu cores	: 4
apicid		: 3
initial apicid	: 3
fpu		: yes
fpu_exception	: yes
cpuid level	: 13
wp		: yes
flags		: fpu vme de pse tsc msr pae mce cx8 apic sep mtrr pge mca cmov pat pse36 clflush dts acpi mmx fxsr sse sse2 ss ht tm pbe syscall nx pdpe1gb rdtscp lm constant_tsc arch_perfmon pebs bts rep_good nopl xtopology nonstop_tsc aperfmperf eagerfpu pni pclmulqdq dtes64 monitor ds_cpl vmx smx est tm2 ssse3 fma cx16 xtpr pdcm pcid sse4_1 sse4_2 x2apic movbe popcnt tsc_deadline_timer aes xsave avx f16c rdrand lahf_lm abm ida arat epb pln pts dtherm tpr_shadow vnmi flexpriority ept vpid fsgsbase tsc_adjust bmi1 hle avx2 smep bmi2 erms invpcid rtm xsaveopt
bugs		:
bogomips	: 6784.51
clflush size	: 64
cache_alignment	: 64
address sizes	: 39 bits physical, 48 bits virtual
power management:

processor	: 6
vendor_id	: GenuineIntel
cpu family	: 6
model		: 60
model name	: Intel(R) Core(TM) i7-4770 CPU @ 3.40GHz
stepping	: 3
microcode	: 0x17
cpu MHz		: 3735.484
cache size	: 8192 KB
physical id	: 0
siblings	: 8
core id		: 2
cpu cores	: 4
apicid		: 5
initial apicid	: 5
fpu		: yes
fpu_exception	: yes
cpuid level	: 13
wp		: yes
flags		: fpu vme de pse tsc msr pae mce cx8 apic sep mtrr pge mca cmov pat pse36 clflush dts acpi mmx fxsr sse sse2 ss ht tm pbe syscall nx pdpe1gb rdtscp lm constant_tsc arch_perfmon pebs bts rep_good nopl xtopology nonstop_tsc aperfmperf eagerfpu pni pclmulqdq dtes64 monitor ds_cpl vmx smx est tm2 ssse3 fma cx16 xtpr pdcm pcid sse4_1 sse4_2 x2apic movbe popcnt tsc_deadline_timer aes xsave avx f16c rdrand lahf_lm abm ida arat epb pln pts dtherm tpr_shadow vnmi flexpriority ept vpid fsgsbase tsc_adjust bmi1 hle avx2 smep bmi2 erms invpcid rtm xsaveopt
bugs		:
bogomips	: 6784.51
clflush size	: 64
cache_alignment	: 64
address sizes	: 39 bits physical, 48 bits virtual
power management:

processor	: 7
vendor_id	: GenuineIntel
cpu family	: 6
model		: 60
model name	: Intel(R) Core(TM) i7-4770 CPU @ 3.40GHz
stepping	: 3
microcode	: 0x17
cpu MHz		: 3749.828
cache size	: 8192 KB
physical id	: 0
siblings	: 8
core id		: 3
cpu cores	: 4
apicid		: 7
initial apicid	: 7
fpu		: yes
fpu_exception	: yes
cpuid level	: 13
wp		: yes
flags		: fpu vme de pse tsc msr pae mce cx8 apic sep mtrr pge mca cmov pat pse36 clflush dts acpi mmx fxsr sse sse2 ss ht tm pbe syscall nx pdpe1gb rdtscp lm constant_tsc arch_perfmon pebs bts rep_good nopl xtopology nonstop_tsc aperfmperf eagerfpu pni pclmulqdq dtes64 monitor ds_cpl vmx smx est tm2 ssse3 fma cx16 xtpr pdcm pcid sse4_1 sse4_2 x2apic movbe popcnt tsc_deadline_timer aes xsave avx f16c rdrand lahf_lm abm ida arat epb pln pts dtherm tpr_shadow vnmi flexpriority ept vpid fsgsbase tsc_adjust bmi1 hle avx2 smep bmi2 erms invpcid rtm xsaveopt
bugs		:
bogomips	: 6784.51
clflush size	: 64
cache_alignment	: 64
address sizes	: 39 bits physical, 48 bits virtual
power management:



Memory: 4k page, physical 32854384k(5260588k free), swap 33459196k(32922004k free)

vm_info: OpenJDK 64-Bit Server VM (25.45-b02) for linux-amd64 JRE (1.8.0_45-internal-b14), built on Apr 20 2015 00:35:04 by "buildd" with gcc 4.9.2

time: Sat Mar 12 16:59:39 2016
elapsed time: 167 seconds (0d 0h 2m 47s)

